app/build/outputs/logs/manifest-merger-debug-report.txt
-- Merging decision tree log ---
manifest
ADDED from src\main\AndroidManifest.xml:2:1-96:12
	package
		ADDED from src\main\AndroidManifest.xml:3:5-41
		INJECTED from src\main\AndroidManifest.xml
		INJECTED from src\main\AndroidManifest.xml
	android:versionName
		ADDED from src\main\AndroidManifest.xml:5:5-30
		INJECTED from src\main\AndroidManifest.xml
		INJECTED from src\main\AndroidManifest.xml
	android:versionCode
		ADDED from src\main\AndroidManifest.xml:4:5-28
		INJECTED from src\main\AndroidManifest.xml
		INJECTED from src\main\AndroidManifest.xml
	xmlns:android
		ADDED from src\main\AndroidManifest.xml:2:11-69
uses-sdk
ADDED from src\main\AndroidManifest.xml:7:5-9:41
MERGED from [com.android.support:appcompat-v7:21.0.3] AndroidManifest.xml:15:5-42
MERGED from [com.android.support:support-v4:21.0.3] AndroidManifest.xml:15:5-42
MERGED from [com.android.support.constraint:constraint-layout:1.0.2] AndroidManifest.xml:5:5-7:41
	android:targetSdkVersion
		ADDED from src\main\AndroidManifest.xml:9:9-38
		INJECTED from src\main\AndroidManifest.xml
		INJECTED from src\main\AndroidManifest.xml
	android:minSdkVersion
		ADDED from src\main\AndroidManifest.xml:8:9-35
		INJECTED from src\main\AndroidManifest.xml
		INJECTED from src\main\AndroidManifest.xml
uses-permission#android.permission.WRITE_EXTERNAL_STORAGE
ADDED from src\main\AndroidManifest.xml:11:5-81
	android:name
		ADDED from src\main\AndroidManifest.xml:11:22-78
uses-permission#android.permission.INTERNET
ADDED from src\main\AndroidManifest.xml:12:5-83
	android:name
		ADDED from src\main\AndroidManifest.xml:12:22-64
uses-permission#android.permission.ACCESS_NETWORK_STATE
ADDED from src\main\AndroidManifest.xml:13:5-95
	android:name
		ADDED from src\main\AndroidManifest.xml:13:22-76
uses-permission#android.permission.READ_PHONE_STATE
ADDED from src\main\AndroidManifest.xml:14:5-91
	android:name
		ADDED from src\main\AndroidManifest.xml:14:22-72
uses-feature#0x00020000
ADDED from src\main\AndroidManifest.xml:16:5-54
	android:glEsVersion
		ADDED from src\main\AndroidManifest.xml:16:19-51
uses-permission#android.permission.READ_EXTERNAL_STORAGE
ADDED from src\main\AndroidManifest.xml:18:5-80
	android:name
		ADDED from src\main\AndroidManifest.xml:18:22-77
application
ADDED from src\main\AndroidManifest.xml:20:5-94:19
MERGED from [com.android.support:appcompat-v7:21.0.3] AndroidManifest.xml:16:5-19
MERGED from [com.android.support:support-v4:21.0.3] AndroidManifest.xml:16:5-19
MERGED from [com.android.support.constraint:constraint-layout:1.0.2] AndroidManifest.xml:9:5-20
	android:label
		ADDED from src\main\AndroidManifest.xml:23:9-41
	android:allowBackup
		ADDED from src\main\AndroidManifest.xml:21:9-35
	android:icon
		ADDED from src\main\AndroidManifest.xml:22:9-45
	android:theme
		ADDED from src\main\AndroidManifest.xml:24:9-40
activity#com.techsoft3d.hps.sandbox.SandboxFileListActivity
ADDED from src\main\AndroidManifest.xml:26:9-34:20
	android:label
		ADDED from src\main\AndroidManifest.xml:28:13-46
	android:name
		ADDED from src\main\AndroidManifest.xml:27:13-52
intent-filter#android.intent.action.MAIN+android.intent.category.LAUNCHER
ADDED from src\main\AndroidManifest.xml:29:13-33:29
action#android.intent.action.MAIN
ADDED from src\main\AndroidManifest.xml:30:17-69
	android:name
		ADDED from src\main\AndroidManifest.xml:30:25-66
category#android.intent.category.LAUNCHER
ADDED from src\main\AndroidManifest.xml:32:17-77
	android:name
		ADDED from src\main\AndroidManifest.xml:32:27-74
activity#com.techsoft3d.hps.sandbox.MobileSurfaceActivity
ADDED from src\main\AndroidManifest.xml:35:9-88:20
	android:label
		ADDED from src\main\AndroidManifest.xml:37:13-62
	android:windowSoftInputMode
		ADDED from src\main\AndroidManifest.xml:38:13-54
	android:name
		ADDED from src\main\AndroidManifest.xml:36:13-50
intent-filter#android.intent.action.VIEW+android.intent.category.BROWSABLE+android.intent.category.DEFAULT
ADDED from src\main\AndroidManifest.xml:41:13-50:29
action#android.intent.action.VIEW
ADDED from src\main\AndroidManifest.xml:42:17-69
	android:name
		ADDED from src\main\AndroidManifest.xml:42:25-66
category#android.intent.category.DEFAULT
ADDED from src\main\AndroidManifest.xml:43:17-76
	android:name
		ADDED from src\main\AndroidManifest.xml:43:27-73
category#android.intent.category.BROWSABLE
ADDED from src\main\AndroidManifest.xml:44:17-78
	android:name
		ADDED from src\main\AndroidManifest.xml:44:27-75
data
ADDED from src\main\AndroidManifest.xml:46:17-49:54
	android:host
		ADDED from src\main\AndroidManifest.xml:47:21-37
	android:pathPattern
		ADDED from src\main\AndroidManifest.xml:49:21-51
	android:mimeType
		ADDED from src\main\AndroidManifest.xml:48:21-64
activity#com.techsoft3d.hps.sandbox.WebClientActivity
ADDED from src\main\AndroidManifest.xml:90:9-93:17
	android:label
		ADDED from src\main\AndroidManifest.xml:91:19-54
	android:theme
		ADDED from src\main\AndroidManifest.xml:92:19-50
	android:name
		ADDED from src\main\AndroidManifest.xml:90:19-52